{"C:\\Users\\MOKA\\Desktop\\Frontend\\md-links\\lib\\index.js": {"path":"C:\\Users\\MOKA\\Desktop\\Frontend\\md-links\\lib\\index.js","statementMap":{"0":{"start":{"line":1,"column":16},"end":{"line":1,"column":34}},"1":{"start":{"line":4,"column":4},"end":{"line":51,"column":6}},"2":{"start":{"line":8,"column":23},"end":{"line":8,"column":36}},"3":{"start":{"line":9,"column":12},"end":{"line":49,"column":15}},"4":{"start":{"line":10,"column":16},"end":{"line":48,"column":17}},"5":{"start":{"line":12,"column":20},"end":{"line":12,"column":32}},"6":{"start":{"line":16,"column":33},"end":{"line":16,"column":48}},"7":{"start":{"line":18,"column":37},"end":{"line":18,"column":92}},"8":{"start":{"line":19,"column":31},"end":{"line":19,"column":85}},"9":{"start":{"line":21,"column":42},"end":{"line":21,"column":62}},"10":{"start":{"line":23,"column":20},"end":{"line":47,"column":21}},"11":{"start":{"line":24,"column":24},"end":{"line":43,"column":25}},"12":{"start":{"line":26,"column":48},"end":{"line":30,"column":30}},"13":{"start":{"line":27,"column":43},"end":{"line":27,"column":58}},"14":{"start":{"line":28,"column":43},"end":{"line":28,"column":58}},"15":{"start":{"line":29,"column":32},"end":{"line":29,"column":86}},"16":{"start":{"line":29,"column":74},"end":{"line":29,"column":83}},"17":{"start":{"line":32,"column":28},"end":{"line":32,"column":52}},"18":{"start":{"line":33,"column":28},"end":{"line":33,"column":47}},"19":{"start":{"line":34,"column":28},"end":{"line":36,"column":30}},"20":{"start":{"line":35,"column":32},"end":{"line":35,"column":48}},"21":{"start":{"line":39,"column":40},"end":{"line":41,"column":30}},"22":{"start":{"line":40,"column":32},"end":{"line":40,"column":87}},"23":{"start":{"line":42,"column":28},"end":{"line":42,"column":41}},"24":{"start":{"line":46,"column":24},"end":{"line":46,"column":40}},"25":{"start":{"line":55,"column":4},"end":{"line":57,"column":6}},"26":{"start":{"line":56,"column":8},"end":{"line":56,"column":151}},"27":{"start":{"line":56,"column":31},"end":{"line":56,"column":149}},"28":{"start":{"line":60,"column":0},"end":{"line":60,"column":25}}},"fnMap":{"0":{"name":"mdLinks","decl":{"start":{"line":3,"column":9},"end":{"line":3,"column":16}},"loc":{"start":{"line":3,"column":34},"end":{"line":52,"column":1}},"line":3},"1":{"name":"(anonymous_1)","decl":{"start":{"line":4,"column":23},"end":{"line":4,"column":24}},"loc":{"start":{"line":4,"column":44},"end":{"line":51,"column":5}},"line":4},"2":{"name":"(anonymous_2)","decl":{"start":{"line":9,"column":41},"end":{"line":9,"column":42}},"loc":{"start":{"line":9,"column":56},"end":{"line":49,"column":13}},"line":9},"3":{"name":"(anonymous_3)","decl":{"start":{"line":26,"column":66},"end":{"line":26,"column":67}},"loc":{"start":{"line":26,"column":72},"end":{"line":30,"column":29}},"line":26},"4":{"name":"(anonymous_4)","decl":{"start":{"line":29,"column":67},"end":{"line":29,"column":68}},"loc":{"start":{"line":29,"column":73},"end":{"line":29,"column":84}},"line":29},"5":{"name":"(anonymous_5)","decl":{"start":{"line":34,"column":58},"end":{"line":34,"column":59}},"loc":{"start":{"line":34,"column":69},"end":{"line":36,"column":29}},"line":34},"6":{"name":"(anonymous_6)","decl":{"start":{"line":39,"column":58},"end":{"line":39,"column":59}},"loc":{"start":{"line":39,"column":64},"end":{"line":41,"column":29}},"line":39},"7":{"name":"requestArr","decl":{"start":{"line":54,"column":9},"end":{"line":54,"column":19}},"loc":{"start":{"line":54,"column":32},"end":{"line":58,"column":1}},"line":54},"8":{"name":"(anonymous_8)","decl":{"start":{"line":55,"column":24},"end":{"line":55,"column":25}},"loc":{"start":{"line":55,"column":46},"end":{"line":57,"column":5}},"line":55},"9":{"name":"(anonymous_9)","decl":{"start":{"line":56,"column":22},"end":{"line":56,"column":23}},"loc":{"start":{"line":56,"column":31},"end":{"line":56,"column":149}},"line":56}},"branchMap":{"0":{"loc":{"start":{"line":10,"column":16},"end":{"line":48,"column":17}},"type":"if","locations":[{"start":{"line":10,"column":16},"end":{"line":48,"column":17}},{"start":{"line":10,"column":16},"end":{"line":48,"column":17}}],"line":10},"1":{"loc":{"start":{"line":23,"column":20},"end":{"line":47,"column":21}},"type":"if","locations":[{"start":{"line":23,"column":20},"end":{"line":47,"column":21}},{"start":{"line":23,"column":20},"end":{"line":47,"column":21}}],"line":23},"2":{"loc":{"start":{"line":24,"column":24},"end":{"line":43,"column":25}},"type":"if","locations":[{"start":{"line":24,"column":24},"end":{"line":43,"column":25}},{"start":{"line":24,"column":24},"end":{"line":43,"column":25}}],"line":24},"3":{"loc":{"start":{"line":56,"column":31},"end":{"line":56,"column":149}},"type":"cond-expr","locations":[{"start":{"line":56,"column":39},"end":{"line":56,"column":98}},{"start":{"line":56,"column":101},"end":{"line":56,"column":149}}],"line":56}},"s":{"0":1,"1":5,"2":5,"3":5,"4":5,"5":1,"6":4,"7":4,"8":4,"9":4,"10":4,"11":3,"12":1,"13":3,"14":3,"15":3,"16":3,"17":1,"18":1,"19":1,"20":1,"21":2,"22":6,"23":2,"24":1,"25":3,"26":3,"27":3,"28":1},"f":{"0":5,"1":5,"2":5,"3":3,"4":3,"5":1,"6":6,"7":3,"8":3,"9":3},"b":{"0":[1,4],"1":[3,1],"2":[1,2],"3":[1,2]},"_coverageSchema":"43e27e138ebf9cfc5966b082cf9a028302ed4184","hash":"acdc561eac0bdcb8cdbd260dc032c9de264f7cd5"}
}
