{"C:\\Users\\MOKA\\Desktop\\Frontend\\md-links\\lib\\index.js": {"path":"C:\\Users\\MOKA\\Desktop\\Frontend\\md-links\\lib\\index.js","statementMap":{"0":{"start":{"line":2,"column":4},"end":{"line":28,"column":6}},"1":{"start":{"line":6,"column":23},"end":{"line":6,"column":36}},"2":{"start":{"line":7,"column":12},"end":{"line":26,"column":15}},"3":{"start":{"line":8,"column":16},"end":{"line":25,"column":17}},"4":{"start":{"line":10,"column":20},"end":{"line":10,"column":32}},"5":{"start":{"line":14,"column":33},"end":{"line":14,"column":48}},"6":{"start":{"line":16,"column":37},"end":{"line":16,"column":92}},"7":{"start":{"line":17,"column":31},"end":{"line":17,"column":85}},"8":{"start":{"line":19,"column":42},"end":{"line":19,"column":62}},"9":{"start":{"line":20,"column":20},"end":{"line":24,"column":21}},"10":{"start":{"line":21,"column":24},"end":{"line":21,"column":78}},"11":{"start":{"line":21,"column":56},"end":{"line":21,"column":75}},"12":{"start":{"line":23,"column":24},"end":{"line":23,"column":40}},"13":{"start":{"line":32,"column":0},"end":{"line":32,"column":25}}},"fnMap":{"0":{"name":"mdLinks","decl":{"start":{"line":1,"column":9},"end":{"line":1,"column":16}},"loc":{"start":{"line":1,"column":26},"end":{"line":29,"column":1}},"line":1},"1":{"name":"(anonymous_1)","decl":{"start":{"line":2,"column":23},"end":{"line":2,"column":24}},"loc":{"start":{"line":2,"column":44},"end":{"line":28,"column":5}},"line":2},"2":{"name":"(anonymous_2)","decl":{"start":{"line":7,"column":41},"end":{"line":7,"column":42}},"loc":{"start":{"line":7,"column":56},"end":{"line":26,"column":13}},"line":7},"3":{"name":"(anonymous_3)","decl":{"start":{"line":21,"column":50},"end":{"line":21,"column":51}},"loc":{"start":{"line":21,"column":56},"end":{"line":21,"column":75}},"line":21}},"branchMap":{"0":{"loc":{"start":{"line":8,"column":16},"end":{"line":25,"column":17}},"type":"if","locations":[{"start":{"line":8,"column":16},"end":{"line":25,"column":17}},{"start":{"line":8,"column":16},"end":{"line":25,"column":17}}],"line":8},"1":{"loc":{"start":{"line":20,"column":20},"end":{"line":24,"column":21}},"type":"if","locations":[{"start":{"line":20,"column":20},"end":{"line":24,"column":21}},{"start":{"line":20,"column":20},"end":{"line":24,"column":21}}],"line":20}},"s":{"0":4,"1":4,"2":4,"3":4,"4":1,"5":3,"6":3,"7":3,"8":3,"9":3,"10":2,"11":6,"12":1,"13":1},"f":{"0":4,"1":4,"2":4,"3":6},"b":{"0":[1,3],"1":[2,1]},"_coverageSchema":"43e27e138ebf9cfc5966b082cf9a028302ed4184","hash":"09996c0a3eb3a53d1aab9d4786adc5e03508d591"}
}
