TN:
SF:C:\Users\MOKA\Desktop\Frontend\md-links\lib\index.js
FN:3,mdLinks
FN:4,(anonymous_1)
FN:9,(anonymous_2)
FN:26,(anonymous_3)
FN:29,(anonymous_4)
FN:34,(anonymous_5)
FN:39,(anonymous_6)
FN:54,requestArr
FN:55,(anonymous_8)
FN:56,(anonymous_9)
FNF:10
FNH:10
FNDA:5,mdLinks
FNDA:5,(anonymous_1)
FNDA:5,(anonymous_2)
FNDA:3,(anonymous_3)
FNDA:3,(anonymous_4)
FNDA:1,(anonymous_5)
FNDA:6,(anonymous_6)
FNDA:3,requestArr
FNDA:3,(anonymous_8)
FNDA:3,(anonymous_9)
DA:1,1
DA:4,5
DA:8,5
DA:9,5
DA:10,5
DA:12,1
DA:16,4
DA:18,4
DA:19,4
DA:21,4
DA:23,4
DA:24,3
DA:26,1
DA:27,3
DA:28,3
DA:29,3
DA:32,1
DA:33,1
DA:34,1
DA:35,1
DA:39,2
DA:40,6
DA:42,2
DA:46,1
DA:55,3
DA:56,3
DA:60,1
LF:27
LH:27
BRDA:10,0,0,1
BRDA:10,0,1,4
BRDA:23,1,0,3
BRDA:23,1,1,1
BRDA:24,2,0,1
BRDA:24,2,1,2
BRDA:56,3,0,1
BRDA:56,3,1,2
BRF:8
BRH:8
end_of_record
